
=== Thu May 23 11:07:13 2019

Packages were changed.
Update Mode: updateDependencies

The following packages were added:
  com.unity.collab-proxy@1.2.16
  com.unity.timeline@1.0.0
  com.unity.multiplayer-hlapi@1.0.2
  com.unity.xr.legacyinputhelpers@2.0.2
The following packages were updated:
  com.unity.analytics from version 2.0.16 to 3.3.2
  com.unity.package-manager-ui from version 1.9.11 to 2.1.2
  com.unity.purchasing from version 2.0.3 to 2.0.6
  com.unity.textmeshpro from version 1.2.4 to 2.0.0

=== Tue May 28 15:27:39 2019

Packages were changed.
Update Mode: updateDependencies

The following packages were updated:
  com.unity.textmeshpro from version 2.0.0 to 2.0.1

=== Wed May 26 14:25:13 2021

Packages were changed.
Update Mode: updateDependencies

The following packages were added:
  com.unity.2d.sprite@1.0.0
  com.unity.2d.tilemap@1.0.0
  com.unity.ide.rider@1.2.1
  com.unity.ide.vscode@1.2.3
  com.unity.modules.androidjni@1.0.0
  com.unity.test-framework@1.1.24
  com.unity.ugui@1.0.0
The following packages were updated:
  com.unity.analytics from version 3.3.2 to 3.3.5
  com.unity.mobile.notifications from version 1.3.0 to 1.3.2
  com.unity.multiplayer-hlapi from version 1.0.2 to 1.0.8
  com.unity.purchasing from version 2.1.1 to 3.0.2
  com.unity.timeline from version 1.0.0 to 1.2.18
  com.unity.xr.legacyinputhelpers from version 2.0.2 to 2.1.7
The following packages were removed:
  com.unity.package-manager-ui@2.1.2

=== Thu Jun  3 13:52:32 2021

Packages were changed.
Update Mode: updateDependencies

The following packages were updated:
  com.unity.purchasing from version 2.2.2 to 3.0.2
